[1.460s] DEBUG:colcon:Command line arguments: ['/usr/bin/colcon', 'list', '-p', '--base-paths', '/ros2_ws/src/my_py_node', '--log-base', '/dev/null']
[1.463s] DEBUG:colcon:Parsed command line arguments: Namespace(log_base=None, log_level=None, verb_name='list', build_base='build', ignore_user_meta=False, metas=['./colcon.meta'], base_paths=['/ros2_ws/src/my_py_node', '--log-base', '/dev/null'], packages_ignore=None, packages_ignore_regex=None, paths=None, packages_up_to=None, packages_up_to_regex=None, packages_above=None, packages_above_and_dependencies=None, packages_above_depth=None, packages_select_by_dep=None, packages_skip_by_dep=None, packages_skip_up_to=None, packages_select_build_failed=False, packages_skip_build_finished=False, packages_select_test_failures=False, packages_skip_test_passed=False, packages_select=None, packages_skip=None, packages_select_regex=None, packages_skip_regex=None, packages_start=None, packages_end=None, topological_order=False, names_only=False, paths_only=True, topological_graph=False, topological_graph_dot=False, topological_graph_density=False, topological_graph_legend=False, topological_graph_dot_cluster=False, topological_graph_dot_include_skipped=False, mixin_files=None, mixin=None, verb_parser=<colcon_mixin.mixin.mixin_argument.MixinArgumentDecorator object at 0x7f8b49e8f910>, verb_extension=<colcon_package_information.verb.list.ListVerb object at 0x7f8b49fcc190>, main=<bound method ListVerb.main of <colcon_package_information.verb.list.ListVerb object at 0x7f8b49fcc190>>, mixin_verb=('list',))
[3.176s] Level 1:colcon.colcon_core.package_discovery:discover_packages(colcon_meta) check parameters
[3.179s] INFO:colcon.colcon_metadata.package_discovery.colcon_meta:Using configuration from '/root/.colcon/metadata/default/Gazebo.meta'
[3.184s] INFO:colcon.colcon_metadata.package_discovery.colcon_meta:Using configuration from '/root/.colcon/metadata/default/fastdds.meta'
[3.189s] INFO:colcon.colcon_metadata.package_discovery.colcon_meta:Using configuration from '/root/.colcon/metadata/default/fastrtps.meta'
[3.191s] Level 1:colcon.colcon_core.package_discovery:discover_packages(recursive) check parameters
[3.192s] Level 1:colcon.colcon_core.package_discovery:discover_packages(ignore) check parameters
[3.192s] Level 1:colcon.colcon_core.package_discovery:discover_packages(path) check parameters
[3.193s] Level 1:colcon.colcon_core.package_discovery:discover_packages(recursive) discover
[3.194s] INFO:colcon.colcon_core.package_discovery:Crawling recursively for packages in '/ros2_ws/src/my_py_node', '/ros2_ws/src/my_py_node/--log-base', '/dev/null'
[3.197s] Level 1:colcon.colcon_core.package_identification:_identify(/ros2_ws/src/my_py_node) by extensions ['ignore', 'ignore_ament_install']
[3.199s] Level 1:colcon.colcon_core.package_identification:_identify(/ros2_ws/src/my_py_node) by extension 'ignore'
[3.201s] Level 1:colcon.colcon_core.package_identification:_identify(/ros2_ws/src/my_py_node) by extension 'ignore_ament_install'
[3.203s] Level 1:colcon.colcon_core.package_identification:_identify(/ros2_ws/src/my_py_node) by extensions ['colcon_pkg']
[3.206s] Level 1:colcon.colcon_core.package_identification:_identify(/ros2_ws/src/my_py_node) by extension 'colcon_pkg'
[3.207s] Level 1:colcon.colcon_core.package_identification:_identify(/ros2_ws/src/my_py_node) by extensions ['colcon_meta']
[3.208s] Level 1:colcon.colcon_core.package_identification:_identify(/ros2_ws/src/my_py_node) by extension 'colcon_meta'
[3.209s] Level 1:colcon.colcon_core.package_identification:_identify(/ros2_ws/src/my_py_node) by extensions ['ros']
[3.210s] Level 1:colcon.colcon_core.package_identification:_identify(/ros2_ws/src/my_py_node) by extension 'ros'
[3.404s] DEBUG:colcon.colcon_core.package_identification:Package '/ros2_ws/src/my_py_node' with type 'ros.ament_python' and name 'my_py_node'
[3.409s] Level 1:colcon.colcon_core.package_discovery:discover_packages(recursive) using defaults
